<?xml version="1.0" encoding="UTF-8"?>
<!-- Generated by org.testng.reporters.JUnitReportReporter -->
<testsuite hostname="Lenovo-PC" name="de.qudosoft.quinvaders.animation.CollisionTest" tests="3" failures="0" timestamp="21 Sep 2015 14:21:49 GMT" time="0.157" errors="0">
  <testcase name="testCollides" time="0.155" classname="de.qudosoft.quinvaders.animation.CollisionTest"/>
  <testcase name="testCollides" time="0.001" classname="de.qudosoft.quinvaders.animation.CollisionTest"/>
  <testcase name="testCollides" time="0.001" classname="de.qudosoft.quinvaders.animation.CollisionTest"/>
</testsuite> <!-- de.qudosoft.quinvaders.animation.CollisionTest -->
